#
# A fatal error has been detected by the Java Runtime Environment:
#
#  EXCEPTION_ACCESS_VIOLATION (0xc0000005) at pc=0x00007ffabb9d0f1a, pid=11192, tid=27552
#
# JRE version: OpenJDK Runtime Environment (18.0.2+9) (build 18.0.2+9-61)
# Java VM: OpenJDK 64-Bit Server VM (18.0.2+9-61, mixed mode, sharing, tiered, compressed oops, compressed class ptrs, g1 gc, windows-amd64)
# Problematic frame:
# V  [jvm.dll+0x760f1a]
#
# No core dump will be written. Minidumps are not enabled by default on client versions of Windows
#
# If you would like to submit a bug report, please visit:
#   https://bugreport.java.com/bugreport/crash.jsp
#

---------------  S U M M A R Y ------------

Command Line: -XX:+ShowCodeDetailsInExceptionMessages -agentlib:jdwp=transport=dt_socket,suspend=y,address=localhost:32069 --module-path=D:\javafx-sdk-19.0.2.1\lib --add-modules=javafx.controls,javafx.fxml -javaagent:C:\Users\jeanm\eclipse\java-2022-12\eclipse\configuration\org.eclipse.osgi\227\0\.cp\lib\javaagent-shaded.jar -Dfile.encoding=UTF-8 --module-path=D:\javafx-sdk-19.0.2.1\lib\javafx.base.jar;D:\javafx-sdk-19.0.2.1\lib\javafx.controls.jar;D:\javafx-sdk-19.0.2.1\lib\javafx.fxml.jar;D:\javafx-sdk-19.0.2.1\lib\javafx.graphics.jar;D:\javafx-sdk-19.0.2.1\lib\javafx.media.jar;D:\javafx-sdk-19.0.2.1\lib\javafx.swing.jar;D:\javafx-sdk-19.0.2.1\lib\javafx.web.jar;D:\javafx-sdk-19.0.2.1\lib\javafx-swt.jar App

Host: 11th Gen Intel(R) Core(TM) i5-11300H @ 3.10GHz, 8 cores, 15G,  Windows 11 , 64 bit Build 22621 (10.0.22621.1105)
Time: Mon Feb  6 23:33:10 2023 Paris, Madrid elapsed time: 453.340175 seconds (0d 0h 7m 33s)

---------------  T H R E A D  ---------------

Current thread (0x000001b29bb1be90):  JavaThread "JDWP Transport Listener: dt_socket" daemon [_thread_in_vm, id=27552, stack(0x00000054a6100000,0x00000054a6200000)]

Stack: [0x00000054a6100000,0x00000054a6200000],  sp=0x00000054a61ff830,  free space=1022k
Native frames: (J=compiled Java code, j=interpreted, Vv=VM code, C=native code)
V  [jvm.dll+0x760f1a]
V  [jvm.dll+0x52c54c]
V  [jvm.dll+0x4f3d5b]
C  [jdwp.dll+0x230a7]


siginfo: EXCEPTION_ACCESS_VIOLATION (0xc0000005), reading address 0x0000000000620073


Register to memory mapping:

RIP=0x00007ffabb9d0f1a jvm.dll
RAX=0x000000000000006e is an unknown value
RBX=0x000001b29b57e3f0 points into unknown readable memory: 0x616c2f6176616a4c | 4c 6a 61 76 61 2f 6c 61
RCX=0x000000000062006f is an unknown value
RDX=0x000001b2a1fed7c0 points into unknown readable memory: 0x003b33247070414c | 4c 41 70 70 24 33 3b 00
RSP=0x00000054a61ff830 is pointing into the stack for thread: 0x000001b29bb1be90
RBP=0x000001b29bf11ed0 points into unknown readable memory: 0x0000000000000002 | 02 00 00 00 00 00 00 00
RSI=0x0 is NULL
RDI=0xffffffffffffffff is an unknown value
R8 =0x0000000000000077 is an unknown value
R9 =0x000000000000003a is an unknown value
R10=0x0000000000000040 is an unknown value
R11=0x00000054a61ff850 is pointing into the stack for thread: 0x000001b29bb1be90
R12=0x00000054a61ff988 is pointing into the stack for thread: 0x000001b29bb1be90
R13=0x0 is NULL
R14=0x0000000800e4c610 is a pointer to class: 
App$3 {0x0000000800e4c618}
 - instance size:     2
 - klass size:        68
 - access:            synchronized 
 - state:             fully_initialized
 - name:              'App$3'
 - super:             'java/lang/Object'
 - sub:               
 - arrays:            NULL
 - methods:           Array<T>(0x000001b297865e78)
 - method ordering:   Array<T>(0x000001b297e2cc80)
 - default_methods:   Array<T>(0x0000000000000000)
 - local interfaces:  Array<T>(0x000001b298125628)
 - trans. interfaces: Array<T>(0x000001b2981259c8)
 - constants:         constant pool [142] {0x000001b2978656c8} for 'App$3' cache=0x000001b29785f6f8
 - class loader data:  loader data: 0x000001b29b5c6470 for instance a 'jdk/internal/loader/ClassLoaders$AppClassLoader'{0x0000000710c5dcf8}
 - source file:       'App.java'
 - source debug extension:       SMAP
App.java
Java
*S jdt
*F
1 App.java
2 file:/C:/Users/jeanm/IHMChess/bin/
*L
*E

 - class annotations:       Array<T>(0x0000000000000000)
 - class type annotations:  Array<T>(0x0000000000000000)
 - field annotations:       Array<T>(0x0000000000000000)
 - field type annotations:  Array<T>(0x0000000000000000)
 - previous version:  constant pool [142] {0x000001b298125100} for 'App$3' (extra) cache=0x000001b2981259f0
 - generic signature: '
[error occurred during error reporting (printing register info), id 0xc0000005, EXCEPTION_ACCESS_VIOLATION (0xc0000005) at pc=0x00007ffabb9d1b26]

Registers:
RAX=0x000000000000006e, RBX=0x000001b29b57e3f0, RCX=0x000000000062006f, RDX=0x000001b2a1fed7c0
RSP=0x00000054a61ff830, RBP=0x000001b29bf11ed0, RSI=0x0000000000000000, RDI=0xffffffffffffffff
R8 =0x0000000000000077, R9 =0x000000000000003a, R10=0x0000000000000040, R11=0x00000054a61ff850
R12=0x00000054a61ff988, R13=0x0000000000000000, R14=0x0000000800e4c610, R15=0x00000054a61ff9b0
RIP=0x00007ffabb9d0f1a, EFLAGS=0x0000000000010206

Top of Stack: (sp=0x00000054a61ff830)
0x00000054a61ff830:   0000000000000005 0000000800e4c610
0x00000054a61ff840:   0000000000000000 00007ffabb7c62bd
0x00000054a61ff850:   ffffffffffffffff 00007ffabb79c54c
0x00000054a61ff860:   000001b29b57e3f0 000001b29bf11ed0
0x00000054a61ff870:   0000000000000000 00007ffabb79f0ed
0x00000054a61ff880:   000001b29b57e3d0 00000000000003d8
0x00000054a61ff890:   000001b29b57e3e0 000001b29b57e7b8
0x00000054a61ff8a0:   0000000000007601 00000054a61ff988
0x00000054a61ff8b0:   0000000000000007 000001b29bb1c120
0x00000054a61ff8c0:   00000007120dcf00 00007ffabb763d5b
0x00000054a61ff8d0:   000001b29bb1be90 00000054a61ff9b0
0x00000054a61ff8e0:   000001b2f458d030 00000054a61ff9b0
0x00000054a61ff8f0:   000001b29bb1be90 0000000000000000
0x00000054a61ff900:   0000000000000000 0000000000000000
0x00000054a61ff910:   000001b29bc020c8 00007ffb579430a7
0x00000054a61ff920:   00000054a61ff9a8 00007ffb57951718 

Instructions: (pc=0x00007ffabb9d0f1a)
0x00007ffabb9d0e1a:   48 8b f8 48 85 db 74 08 48 8b cb e8 e6 ac f0 ff
0x00007ffabb9d0e2a:   48 8b 5c 24 30 48 8b c7 48 83 c4 20 5f c3 8d 42
0x00007ffabb9d0e3a:   06 83 ff 02 b9 08 00 00 00 0f 4e c1 45 33 c0 48
0x00007ffabb9d0e4a:   63 c8 48 83 c1 07 83 e1 f8 48 63 c9 41 8d 50 0b
0x00007ffabb9d0e5a:   48 83 c4 20 5f e9 cc 22 95 ff cc cc cc cc cc cc
0x00007ffabb9d0e6a:   cc cc cc cc cc cc 83 fa 02 8d 42 06 b9 08 00 00
0x00007ffabb9d0e7a:   00 4d 8b c8 0f 4e c1 48 63 c8 49 8b 40 18 48 83
0x00007ffabb9d0e8a:   c1 07 83 e1 f8 48 63 d1 49 8b 48 20 48 2b c8 48
0x00007ffabb9d0e9a:   3b ca 72 09 48 8d 0c 10 49 89 48 18 c3 45 33 c0
0x00007ffabb9d0eaa:   49 8b c9 e9 ae 80 95 ff cc cc cc cc cc cc cc cc
0x00007ffabb9d0eba:   cc cc cc cc cc cc 4c 8b d2 4c 8b d9 45 85 c0 7e
0x00007ffabb9d0eca:   3c 44 0f b7 49 04 41 8d 40 ff 41 3b c1 44 0f 4c
0x00007ffabb9d0eda:   c8 4d 63 c1 45 85 c9 7e 1f 48 8b c2 4c 2b da 49
0x00007ffabb9d0eea:   8b d0 0f 1f 40 00 41 0f b6 4c 03 06 88 08 48 8d
0x00007ffabb9d0efa:   40 01 48 83 ea 01 75 ee 43 c6 04 10 00 49 8b c2
0x00007ffabb9d0f0a:   c3 cc cc cc cc cc 48 89 5c 24 08 57 48 83 ec 20
0x00007ffabb9d0f1a:   0f b7 59 04 48 8b f9 33 d2 48 8d 4b 01 e8 e4 d3
0x00007ffabb9d0f2a:   f8 ff 0f b7 57 04 4c 8b c0 3b da 0f 42 d3 44 8b
0x00007ffabb9d0f3a:   ca 85 d2 74 39 48 2b f8 0f 1f 40 00 66 66 0f 1f
0x00007ffabb9d0f4a:   84 00 00 00 00 00 0f b6 4c 07 06 88 08 48 ff c0
0x00007ffabb9d0f5a:   48 8b c8 49 2b c8 49 3b c9 7c eb 42 c6 04 02 00
0x00007ffabb9d0f6a:   49 8b c0 48 8b 5c 24 30 48 83 c4 20 5f c3 48 8b
0x00007ffabb9d0f7a:   5c 24 30 c6 04 02 00 48 83 c4 20 5f c3 cc cc cc
0x00007ffabb9d0f8a:   cc cc cc cc cc cc 4c 8b d1 45 85 c0 7e 6c 44 0f
0x00007ffabb9d0f9a:   b7 49 04 41 8d 40 ff 41 3b c1 44 0f 4c c8 4d 63
0x00007ffabb9d0faa:   d9 45 85 c9 7e 22 48 8b ca 4c 2b d2 4d 8b c3 0f
0x00007ffabb9d0fba:   1f 80 00 00 00 00 41 0f b6 44 0a 06 88 01 48 8d
0x00007ffabb9d0fca:   49 01 49 83 e8 01 75 ee 41 c6 04 13 00 48 c7 c0
0x00007ffabb9d0fda:   ff ff ff ff 66 90 48 ff c0 80 3c 02 00 75 f7 48
0x00007ffabb9d0fea:   63 c8 85 c0 48 8b c2 7e 14 80 38 2f 75 03 c6 00
0x00007ffabb9d0ffa:   2e 48 ff c0 48 83 e9 01 75 ef 48 8b c2 c3 cc cc
0x00007ffabb9d100a:   cc cc cc cc cc cc 48 83 ec 28 e8 f7 fe ff ff 4c 


Stack slot to memory mapping:
stack at sp + 0 slots: 0x0000000000000005 is an unknown value
stack at sp + 1 slots: 0x0000000800e4c610 is a pointer to class: 
App$3 {0x0000000800e4c618}
 - instance size:     2
 - klass size:        68
 - access:            synchronized 
 - state:             fully_initialized
 - name:              'App$3'
 - super:             'java/lang/Object'
 - sub:               
 - arrays:            NULL
 - methods:           Array<T>(0x000001b297865e78)
 - method ordering:   Array<T>(0x000001b297e2cc80)
 - default_methods:   Array<T>(0x0000000000000000)
 - local interfaces:  Array<T>(0x000001b298125628)
 - trans. interfaces: Array<T>(0x000001b2981259c8)
 - constants:         constant pool [142] {0x000001b2978656c8} for 'App$3' cache=0x000001b29785f6f8
 - class loader data:  loader data: 0x000001b29b5c6470 for instance a 'jdk/internal/loader/ClassLoaders$AppClassLoader'{0x0000000710c5dcf8}
 - source file:       'App.java'
 - source debug extension:       SMAP
App.java
Java
*S jdt
*F
1 App.java
2 file:/C:/Users/jeanm/IHMChess/bin/
*L
*E

 - class annotations:       Array<T>(0x0000000000000000)
 - class type annotations:  Array<T>(0x0000000000000000)
 - field annotations:       Array<T>(0x0000000000000000)
 - field type annotations:  Array<T>(0x0000000000000000)
 - previous version:  constant pool [142] {0x000001b298125100} for 'App$3' (extra) cache=0x000001b2981259f0
 - generic signature: '
[error occurred during error reporting (inspecting top of stack), id 0xc0000005, EXCEPTION_ACCESS_VIOLATION (0xc0000005) at pc=0x00007ffabb9d1b26]


---------------  P R O C E S S  ---------------

Threads class SMR info:
_java_thread_list=0x000001b2a522a8d0, length=22, elements={
0x000001b2f459f2f0, 0x000001b2972f2b80, 0x000001b2972f3520, 0x000001b29730e2e0,
0x000001b29730ec80, 0x000001b29730f620, 0x000001b2973105d0, 0x000001b297312800,
0x000001b297327d50, 0x000001b29732aa80, 0x000001b29b5a0b70, 0x000001b29bb1be90,
0x000001b29b694ff0, 0x000001b29b6956c0, 0x000001b29c0f8720, 0x000001b29bad32c0,
0x000001b29c648720, 0x000001b29c648be0, 0x000001b29c855d60, 0x000001b29c79ec50,
0x000001b29bcf92c0, 0x000001b29bcf9790
}

Java Threads: ( => current thread )
  0x000001b2f459f2f0 JavaThread "main" [_thread_blocked, id=1896, stack(0x00000054a4e00000,0x00000054a4f00000)]
  0x000001b2972f2b80 JavaThread "Reference Handler" daemon [_thread_blocked, id=22580, stack(0x00000054a5500000,0x00000054a5600000)]
  0x000001b2972f3520 JavaThread "Finalizer" daemon [_thread_blocked, id=16532, stack(0x00000054a5600000,0x00000054a5700000)]
  0x000001b29730e2e0 JavaThread "Signal Dispatcher" daemon [_thread_blocked, id=18168, stack(0x00000054a5700000,0x00000054a5800000)]
  0x000001b29730ec80 JavaThread "Attach Listener" daemon [_thread_blocked, id=2248, stack(0x00000054a5800000,0x00000054a5900000)]
  0x000001b29730f620 JavaThread "Service Thread" daemon [_thread_blocked, id=26308, stack(0x00000054a5900000,0x00000054a5a00000)]
  0x000001b2973105d0 JavaThread "Monitor Deflation Thread" daemon [_thread_blocked, id=22312, stack(0x00000054a5a00000,0x00000054a5b00000)]
  0x000001b297312800 JavaThread "C2 CompilerThread0" daemon [_thread_blocked, id=18184, stack(0x00000054a5b00000,0x00000054a5c00000)]
  0x000001b297327d50 JavaThread "C1 CompilerThread0" daemon [_thread_blocked, id=27504, stack(0x00000054a5c00000,0x00000054a5d00000)]
  0x000001b29732aa80 JavaThread "Sweeper thread" daemon [_thread_blocked, id=22760, stack(0x00000054a5d00000,0x00000054a5e00000)]
  0x000001b29b5a0b70 JavaThread "Common-Cleaner" daemon [_thread_blocked, id=20004, stack(0x00000054a5e00000,0x00000054a5f00000)]
=>0x000001b29bb1be90 JavaThread "JDWP Transport Listener: dt_socket" daemon [_thread_in_vm, id=27552, stack(0x00000054a6100000,0x00000054a6200000)]
  0x000001b29b694ff0 JavaThread "JDWP Event Helper Thread" daemon [_thread_blocked, id=7340, stack(0x00000054a6200000,0x00000054a6300000)]
  0x000001b29b6956c0 JavaThread "JDWP Command Reader" daemon [_thread_in_native, id=9168, stack(0x00000054a6300000,0x00000054a6400000)]
  0x000001b29c0f8720 JavaThread "Notification Thread" daemon [_thread_blocked, id=15500, stack(0x00000054a6400000,0x00000054a6500000)]
  0x000001b29bad32c0 JavaThread "QuantumRenderer-0" daemon [_thread_blocked, id=17952, stack(0x00000054a6600000,0x00000054a6700000)]
  0x000001b29c648720 JavaThread "InvokeLaterDispatcher" daemon [_thread_blocked, id=3096, stack(0x00000054a6e00000,0x00000054a6f00000)]
  0x000001b29c648be0 JavaThread "JavaFX Application Thread" [_thread_blocked, id=15120, stack(0x00000054a6f00000,0x00000054a7000000)]
  0x000001b29c855d60 JavaThread "JavaFX-Launcher" [_thread_blocked, id=1360, stack(0x00000054a7400000,0x00000054a7500000)]
  0x000001b29c79ec50 JavaThread "Thread-2" daemon [_thread_in_native, id=25352, stack(0x00000054a7300000,0x00000054a7400000)]
  0x000001b29bcf92c0 JavaThread "Prism Font Disposer" daemon [_thread_blocked, id=19024, stack(0x00000054a6000000,0x00000054a6100000)]
  0x000001b29bcf9790 JavaThread "Cleaner-0" daemon [_thread_blocked, id=15076, stack(0x00000054a7800000,0x00000054a7900000)]

Other Threads:
  0x000001b2f46306b0 VMThread "VM Thread" [stack: 0x00000054a5400000,0x00000054a5500000] [id=8096]
  0x000001b2f45a0150 WatcherThread "VM Periodic Task Thread" [stack: 0x00000054a6500000,0x00000054a6600000] [id=1388]
  0x000001b2f460ee10 WorkerThread "GC Thread#0" [stack: 0x00000054a4f00000,0x00000054a5000000] [id=15212]
  0x000001b29beafd80 WorkerThread "GC Thread#1" [stack: 0x00000054a6700000,0x00000054a6800000] [id=15688]
  0x000001b29c506a10 WorkerThread "GC Thread#2" [stack: 0x00000054a6800000,0x00000054a6900000] [id=24472]
  0x000001b29c5072c0 WorkerThread "GC Thread#3" [stack: 0x00000054a6900000,0x00000054a6a00000] [id=24736]
  0x000001b29c5050a0 WorkerThread "GC Thread#4" [stack: 0x00000054a6a00000,0x00000054a6b00000] [id=27108]
  0x000001b29c505f60 WorkerThread "GC Thread#5" [stack: 0x00000054a6b00000,0x00000054a6c00000] [id=26208]
  0x000001b29c530e10 WorkerThread "GC Thread#6" [stack: 0x00000054a6c00000,0x00000054a6d00000] [id=19484]
  0x000001b29c634630 WorkerThread "GC Thread#7" [stack: 0x00000054a6d00000,0x00000054a6e00000] [id=25620]
  0x000001b2f4624300 ConcurrentGCThread "G1 Main Marker" [stack: 0x00000054a5000000,0x00000054a5100000] [id=8336]
  0x000001b2f4624cf0 WorkerThread "G1 Conc#0" [stack: 0x00000054a5100000,0x00000054a5200000] [id=18700]
  0x000001b2f465e4c0 ConcurrentGCThread "G1 Refine#0" [stack: 0x00000054a5200000,0x00000054a5300000] [id=26572]
  0x000001b2f465ec70 ConcurrentGCThread "G1 Service" [stack: 0x00000054a5300000,0x00000054a5400000] [id=7416]

Threads with active compile tasks:

VM state: not at safepoint (normal execution)

VM Mutex/Monitor currently owned by a thread: None

Heap address: 0x0000000703600000, size: 4042 MB, Compressed Oops mode: Zero based, Oop shift amount: 3

CDS archive(s) mapped at: [0x0000000800000000-0x0000000800ba0000-0x0000000800ba0000), size 12189696, SharedBaseAddress: 0x0000000800000000, ArchiveRelocationMode: 0.
Compressed class space mapped at: 0x0000000800c00000-0x0000000840c00000, reserved size: 1073741824
Narrow klass base: 0x0000000800000000, Narrow klass shift: 0, Narrow klass range: 0x100000000

GC Precious Log:
 CardTable entry size: 512
 Card Set container configuration: InlinePtr #cards 4 size 8 Array Of Cards #cards 16 size 48 Howl #buckets 8 coarsen threshold 3686 Howl Bitmap #cards 512 size 80 coarsen threshold 460 Card regions per heap region 1 cards per card region 4096
 CPUs: 8 total, 8 available
 Memory: 16167M
 Large Page Support: Disabled
 NUMA Support: Disabled
 Compressed Oops: Enabled (Zero based)
 Heap Region Size: 2M
 Heap Min Capacity: 8M
 Heap Initial Capacity: 254M
 Heap Max Capacity: 4042M
 Pre-touch: Disabled
 Parallel Workers: 8
 Concurrent Workers: 2
 Concurrent Refinement Workers: 8
 Periodic GC: Disabled

Heap:
 garbage-first heap   total 260096K, used 154212K [0x0000000703600000, 0x0000000800000000)
  region size 2048K, 16 young (32768K), 4 survivors (8192K)
 Metaspace       used 15880K, committed 16192K, reserved 1114112K
  class space    used 2285K, committed 2432K, reserved 1048576K

Heap Regions: E=young(eden), S=young(survivor), O=old, HS=humongous(starts), HC=humongous(continues), CS=collection set, F=free, OA=open archive, CA=closed archive, TAMS=top-at-mark-start (previous, next)
|   0|0x0000000703600000, 0x0000000703800000, 0x0000000703800000|100%|HS|  |TAMS 0x0000000703600000, 0x0000000703800000| Complete 
|   1|0x0000000703800000, 0x0000000703a00000, 0x0000000703a00000|100%|HC|  |TAMS 0x0000000703800000, 0x0000000703a00000| Complete 
|   2|0x0000000703a00000, 0x0000000703c00000, 0x0000000703c00000|100%|HC|  |TAMS 0x0000000703a00000, 0x0000000703c00000| Complete 
|   3|0x0000000703c00000, 0x0000000703e00000, 0x0000000703e00000|100%|HC|  |TAMS 0x0000000703c00000, 0x0000000703e00000| Complete 
|   4|0x0000000703e00000, 0x0000000704000000, 0x0000000704000000|100%|HC|  |TAMS 0x0000000703e00000, 0x0000000704000000| Complete 
|   5|0x0000000704000000, 0x0000000704200000, 0x0000000704200000|100%|HC|  |TAMS 0x0000000704000000, 0x0000000704200000| Complete 
|   6|0x0000000704200000, 0x0000000704400000, 0x0000000704400000|100%|HC|  |TAMS 0x0000000704200000, 0x0000000704400000| Complete 
|   7|0x0000000704400000, 0x0000000704600000, 0x0000000704600000|100%|HC|  |TAMS 0x0000000704400000, 0x0000000704600000| Complete 
|   8|0x0000000704600000, 0x0000000704800000, 0x0000000704800000|100%|HC|  |TAMS 0x0000000704600000, 0x0000000704800000| Complete 
|   9|0x0000000704800000, 0x0000000704a00000, 0x0000000704a00000|100%|HC|  |TAMS 0x0000000704800000, 0x0000000704a00000| Complete 
|  10|0x0000000704a00000, 0x0000000704c00000, 0x0000000704c00000|100%|HC|  |TAMS 0x0000000704a00000, 0x0000000704c00000| Complete 
|  11|0x0000000704c00000, 0x0000000704e00000, 0x0000000704e00000|100%|HC|  |TAMS 0x0000000704c00000, 0x0000000704e00000| Complete 
|  12|0x0000000704e00000, 0x0000000705000000, 0x0000000705000000|100%|HC|  |TAMS 0x0000000704e00000, 0x0000000705000000| Complete 
|  13|0x0000000705000000, 0x0000000705200000, 0x0000000705200000|100%|HC|  |TAMS 0x0000000705000000, 0x0000000705200000| Complete 
|  14|0x0000000705200000, 0x0000000705400000, 0x0000000705400000|100%|HC|  |TAMS 0x0000000705200000, 0x0000000705400000| Complete 
|  15|0x0000000705400000, 0x0000000705600000, 0x0000000705600000|100%|HC|  |TAMS 0x0000000705400000, 0x0000000705600000| Complete 
|  16|0x0000000705600000, 0x0000000705800000, 0x0000000705800000|100%|HC|  |TAMS 0x0000000705600000, 0x0000000705800000| Complete 
|  17|0x0000000705800000, 0x0000000705a00000, 0x0000000705a00000|100%|HC|  |TAMS 0x0000000705800000, 0x0000000705a00000| Complete 
|  18|0x0000000705a00000, 0x0000000705c00000, 0x0000000705c00000|100%|HC|  |TAMS 0x0000000705a00000, 0x0000000705c00000| Complete 
|  19|0x0000000705c00000, 0x0000000705e00000, 0x0000000705e00000|100%|HC|  |TAMS 0x0000000705c00000, 0x0000000705e00000| Complete 
|  20|0x0000000705e00000, 0x0000000706000000, 0x0000000706000000|100%|HC|  |TAMS 0x0000000705e00000, 0x0000000706000000| Complete 
|  21|0x0000000706000000, 0x0000000706200000, 0x0000000706200000|100%|HC|  |TAMS 0x0000000706000000, 0x0000000706200000| Complete 
|  22|0x0000000706200000, 0x0000000706400000, 0x0000000706400000|100%|HC|  |TAMS 0x0000000706200000, 0x0000000706400000| Complete 
|  23|0x0000000706400000, 0x0000000706600000, 0x0000000706600000|100%|HC|  |TAMS 0x0000000706400000, 0x0000000706600000| Complete 
|  24|0x0000000706600000, 0x0000000706800000, 0x0000000706800000|100%|HC|  |TAMS 0x0000000706600000, 0x0000000706800000| Complete 
|  25|0x0000000706800000, 0x0000000706a00000, 0x0000000706a00000|100%|HC|  |TAMS 0x0000000706800000, 0x0000000706a00000| Complete 
|  26|0x0000000706a00000, 0x0000000706c00000, 0x0000000706c00000|100%|HC|  |TAMS 0x0000000706a00000, 0x0000000706c00000| Complete 
|  27|0x0000000706c00000, 0x0000000706e00000, 0x0000000706e00000|100%|HC|  |TAMS 0x0000000706c00000, 0x0000000706e00000| Complete 
|  28|0x0000000706e00000, 0x0000000707000000, 0x0000000707000000|100%|HC|  |TAMS 0x0000000706e00000, 0x0000000707000000| Complete 
|  29|0x0000000707000000, 0x0000000707200000, 0x0000000707200000|100%|HC|  |TAMS 0x0000000707000000, 0x0000000707200000| Complete 
|  30|0x0000000707200000, 0x0000000707400000, 0x0000000707400000|100%|HC|  |TAMS 0x0000000707200000, 0x0000000707400000| Complete 
|  31|0x0000000707400000, 0x0000000707600000, 0x0000000707600000|100%|HC|  |TAMS 0x0000000707400000, 0x0000000707600000| Complete 
|  32|0x0000000707600000, 0x0000000707800000, 0x0000000707800000|100%|HC|  |TAMS 0x0000000707600000, 0x0000000707800000| Complete 
|  33|0x0000000707800000, 0x0000000707a00000, 0x0000000707a00000|100%|HC|  |TAMS 0x0000000707800000, 0x0000000707a00000| Complete 
|  34|0x0000000707a00000, 0x0000000707c00000, 0x0000000707c00000|100%|HC|  |TAMS 0x0000000707a00000, 0x0000000707c00000| Complete 
|  35|0x0000000707c00000, 0x0000000707e00000, 0x0000000707e00000|100%|HS|  |TAMS 0x0000000707c00000, 0x0000000707e00000| Complete 
|  36|0x0000000707e00000, 0x0000000708000000, 0x0000000708000000|100%|HS|  |TAMS 0x0000000707e00000, 0x0000000707e00000| Complete 
|  37|0x0000000708000000, 0x0000000708200000, 0x0000000708200000|100%|HC|  |TAMS 0x0000000708000000, 0x0000000708000000| Complete 
|  38|0x0000000708200000, 0x0000000708400000, 0x0000000708400000|100%|HC|  |TAMS 0x0000000708200000, 0x0000000708200000| Complete 
|  39|0x0000000708400000, 0x0000000708600000, 0x0000000708600000|100%|HC|  |TAMS 0x0000000708400000, 0x0000000708400000| Complete 
|  40|0x0000000708600000, 0x0000000708800000, 0x0000000708800000|100%|HC|  |TAMS 0x0000000708600000, 0x0000000708600000| Complete 
|  41|0x0000000708800000, 0x0000000708a00000, 0x0000000708a00000|100%|HC|  |TAMS 0x0000000708800000, 0x0000000708800000| Complete 
|  42|0x0000000708a00000, 0x0000000708c00000, 0x0000000708c00000|100%|HC|  |TAMS 0x0000000708a00000, 0x0000000708a00000| Complete 
|  43|0x0000000708c00000, 0x0000000708e00000, 0x0000000708e00000|100%|HC|  |TAMS 0x0000000708c00000, 0x0000000708c00000| Complete 
|  44|0x0000000708e00000, 0x0000000709000000, 0x0000000709000000|100%|HC|  |TAMS 0x0000000708e00000, 0x0000000708e00000| Complete 
|  45|0x0000000709000000, 0x0000000709200000, 0x0000000709200000|100%|HC|  |TAMS 0x0000000709000000, 0x0000000709000000| Complete 
|  46|0x0000000709200000, 0x0000000709400000, 0x0000000709400000|100%|HC|  |TAMS 0x0000000709200000, 0x0000000709200000| Complete 
|  47|0x0000000709400000, 0x0000000709600000, 0x0000000709600000|100%|HC|  |TAMS 0x0000000709400000, 0x0000000709400000| Complete 
|  48|0x0000000709600000, 0x0000000709800000, 0x0000000709800000|100%|HC|  |TAMS 0x0000000709600000, 0x0000000709600000| Complete 
|  49|0x0000000709800000, 0x0000000709a00000, 0x0000000709a00000|100%|HC|  |TAMS 0x0000000709800000, 0x0000000709800000| Complete 
|  50|0x0000000709a00000, 0x0000000709c00000, 0x0000000709c00000|100%|HC|  |TAMS 0x0000000709a00000, 0x0000000709a00000| Complete 
|  51|0x0000000709c00000, 0x0000000709e00000, 0x0000000709e00000|100%|HC|  |TAMS 0x0000000709c00000, 0x0000000709c00000| Complete 
|  52|0x0000000709e00000, 0x000000070a000000, 0x000000070a000000|100%|HC|  |TAMS 0x0000000709e00000, 0x0000000709e00000| Complete 
|  53|0x000000070a000000, 0x000000070a200000, 0x000000070a200000|100%|HC|  |TAMS 0x000000070a000000, 0x000000070a000000| Complete 
|  54|0x000000070a200000, 0x000000070a400000, 0x000000070a400000|100%|HC|  |TAMS 0x000000070a200000, 0x000000070a200000| Complete 
|  55|0x000000070a400000, 0x000000070a600000, 0x000000070a600000|100%|HC|  |TAMS 0x000000070a400000, 0x000000070a400000| Complete 
|  56|0x000000070a600000, 0x000000070a800000, 0x000000070a800000|100%|HC|  |TAMS 0x000000070a600000, 0x000000070a600000| Complete 
|  57|0x000000070a800000, 0x000000070aa00000, 0x000000070aa00000|100%|HC|  |TAMS 0x000000070a800000, 0x000000070a800000| Complete 
|  58|0x000000070aa00000, 0x000000070ac00000, 0x000000070ac00000|100%|HC|  |TAMS 0x000000070aa00000, 0x000000070aa00000| Complete 
|  59|0x000000070ac00000, 0x000000070ae00000, 0x000000070ae00000|100%|HC|  |TAMS 0x000000070ac00000, 0x000000070ac00000| Complete 
|  60|0x000000070ae00000, 0x000000070b000000, 0x000000070b000000|100%|HC|  |TAMS 0x000000070ae00000, 0x000000070ae00000| Complete 
|  61|0x000000070b000000, 0x000000070b000000, 0x000000070b200000|  0%| F|  |TAMS 0x000000070b000000, 0x000000070b000000| Untracked 
|  62|0x000000070b200000, 0x000000070b200000, 0x000000070b400000|  0%| F|  |TAMS 0x000000070b200000, 0x000000070b200000| Untracked 
|  63|0x000000070b400000, 0x000000070b400000, 0x000000070b600000|  0%| F|  |TAMS 0x000000070b400000, 0x000000070b400000| Untracked 
|  64|0x000000070b600000, 0x000000070b600000, 0x000000070b800000|  0%| F|  |TAMS 0x000000070b600000, 0x000000070b600000| Untracked 
|  65|0x000000070b800000, 0x000000070b800000, 0x000000070ba00000|  0%| F|  |TAMS 0x000000070b800000, 0x000000070b800000| Untracked 
|  66|0x000000070ba00000, 0x000000070ba00000, 0x000000070bc00000|  0%| F|  |TAMS 0x000000070ba00000, 0x000000070ba00000| Untracked 
|  67|0x000000070bc00000, 0x000000070bc00000, 0x000000070be00000|  0%| F|  |TAMS 0x000000070bc00000, 0x000000070bc00000| Untracked 
|  68|0x000000070be00000, 0x000000070be00000, 0x000000070c000000|  0%| F|  |TAMS 0x000000070be00000, 0x000000070be00000| Untracked 
|  69|0x000000070c000000, 0x000000070c000000, 0x000000070c200000|  0%| F|  |TAMS 0x000000070c000000, 0x000000070c000000| Untracked 
|  70|0x000000070c200000, 0x000000070c200000, 0x000000070c400000|  0%| F|  |TAMS 0x000000070c200000, 0x000000070c200000| Untracked 
|  71|0x000000070c400000, 0x000000070c400000, 0x000000070c600000|  0%| F|  |TAMS 0x000000070c400000, 0x000000070c400000| Untracked 
|  72|0x000000070c600000, 0x000000070c600000, 0x000000070c800000|  0%| F|  |TAMS 0x000000070c600000, 0x000000070c600000| Untracked 
|  73|0x000000070c800000, 0x000000070c800000, 0x000000070ca00000|  0%| F|  |TAMS 0x000000070c800000, 0x000000070c800000| Untracked 
|  74|0x000000070ca00000, 0x000000070ca00000, 0x000000070cc00000|  0%| F|  |TAMS 0x000000070ca00000, 0x000000070ca00000| Untracked 
|  75|0x000000070cc00000, 0x000000070cc00000, 0x000000070ce00000|  0%| F|  |TAMS 0x000000070cc00000, 0x000000070cc00000| Untracked 
|  76|0x000000070ce00000, 0x000000070ce00000, 0x000000070d000000|  0%| F|  |TAMS 0x000000070ce00000, 0x000000070ce00000| Untracked 
|  77|0x000000070d000000, 0x000000070d000000, 0x000000070d200000|  0%| F|  |TAMS 0x000000070d000000, 0x000000070d000000| Untracked 
|  78|0x000000070d200000, 0x000000070d200000, 0x000000070d400000|  0%| F|  |TAMS 0x000000070d200000, 0x000000070d200000| Untracked 
|  79|0x000000070d400000, 0x000000070d400000, 0x000000070d600000|  0%| F|  |TAMS 0x000000070d400000, 0x000000070d400000| Untracked 
|  80|0x000000070d600000, 0x000000070d600000, 0x000000070d800000|  0%| F|  |TAMS 0x000000070d600000, 0x000000070d600000| Untracked 
|  81|0x000000070d800000, 0x000000070d800000, 0x000000070da00000|  0%| F|  |TAMS 0x000000070d800000, 0x000000070d800000| Untracked 
|  82|0x000000070da00000, 0x000000070da00000, 0x000000070dc00000|  0%| F|  |TAMS 0x000000070da00000, 0x000000070da00000| Untracked 
|  83|0x000000070dc00000, 0x000000070dc00000, 0x000000070de00000|  0%| F|  |TAMS 0x000000070dc00000, 0x000000070dc00000| Untracked 
|  84|0x000000070de00000, 0x000000070de00000, 0x000000070e000000|  0%| F|  |TAMS 0x000000070de00000, 0x000000070de00000| Untracked 
|  85|0x000000070e000000, 0x000000070e000000, 0x000000070e200000|  0%| F|  |TAMS 0x000000070e000000, 0x000000070e000000| Untracked 
|  86|0x000000070e200000, 0x000000070e200000, 0x000000070e400000|  0%| F|  |TAMS 0x000000070e200000, 0x000000070e200000| Untracked 
|  87|0x000000070e400000, 0x000000070e400000, 0x000000070e600000|  0%| F|  |TAMS 0x000000070e400000, 0x000000070e400000| Untracked 
|  88|0x000000070e600000, 0x000000070e600000, 0x000000070e800000|  0%| F|  |TAMS 0x000000070e600000, 0x000000070e600000| Untracked 
|  89|0x000000070e800000, 0x000000070e800000, 0x000000070ea00000|  0%| F|  |TAMS 0x000000070e800000, 0x000000070e800000| Untracked 
|  90|0x000000070ea00000, 0x000000070ea00000, 0x000000070ec00000|  0%| F|  |TAMS 0x000000070ea00000, 0x000000070ea00000| Untracked 
|  91|0x000000070ec00000, 0x000000070ec00000, 0x000000070ee00000|  0%| F|  |TAMS 0x000000070ec00000, 0x000000070ec00000| Untracked 
|  92|0x000000070ee00000, 0x000000070ee00000, 0x000000070f000000|  0%| F|  |TAMS 0x000000070ee00000, 0x000000070ee00000| Untracked 
|  93|0x000000070f000000, 0x000000070f000000, 0x000000070f200000|  0%| F|  |TAMS 0x000000070f000000, 0x000000070f000000| Untracked 
|  94|0x000000070f200000, 0x000000070f200000, 0x000000070f400000|  0%| F|  |TAMS 0x000000070f200000, 0x000000070f200000| Untracked 
|  95|0x000000070f400000, 0x000000070f400000, 0x000000070f600000|  0%| F|  |TAMS 0x000000070f400000, 0x000000070f400000| Untracked 
|  96|0x000000070f600000, 0x000000070f600000, 0x000000070f800000|  0%| F|  |TAMS 0x000000070f600000, 0x000000070f600000| Untracked 
|  97|0x000000070f800000, 0x000000070f800000, 0x000000070fa00000|  0%| F|  |TAMS 0x000000070f800000, 0x000000070f800000| Untracked 
|  98|0x000000070fa00000, 0x000000070fa00000, 0x000000070fc00000|  0%| F|  |TAMS 0x000000070fa00000, 0x000000070fa00000| Untracked 
|  99|0x000000070fc00000, 0x000000070fc00000, 0x000000070fe00000|  0%| F|  |TAMS 0x000000070fc00000, 0x000000070fc00000| Untracked 
| 100|0x000000070fe00000, 0x000000070fe00000, 0x0000000710000000|  0%| F|  |TAMS 0x000000070fe00000, 0x000000070fe00000| Untracked 
| 101|0x0000000710000000, 0x0000000710099318, 0x0000000710200000| 29%| S|CS|TAMS 0x0000000710000000, 0x0000000710000000| Complete 
| 102|0x0000000710200000, 0x0000000710400000, 0x0000000710400000|100%| S|CS|TAMS 0x0000000710200000, 0x0000000710200000| Complete 
| 103|0x0000000710400000, 0x0000000710600000, 0x0000000710600000|100%| S|CS|TAMS 0x0000000710400000, 0x0000000710400000| Complete 
| 104|0x0000000710600000, 0x0000000710600000, 0x0000000710800000|  0%| F|  |TAMS 0x0000000710600000, 0x0000000710600000| Untracked 
| 105|0x0000000710800000, 0x0000000710800000, 0x0000000710a00000|  0%| F|  |TAMS 0x0000000710800000, 0x0000000710800000| Untracked 
| 106|0x0000000710a00000, 0x0000000710a00000, 0x0000000710c00000|  0%| F|  |TAMS 0x0000000710a00000, 0x0000000710a00000| Untracked 
| 107|0x0000000710c00000, 0x0000000710e00000, 0x0000000710e00000|100%| S|CS|TAMS 0x0000000710c00000, 0x0000000710c00000| Complete 
| 108|0x0000000710e00000, 0x0000000710e00000, 0x0000000711000000|  0%| F|  |TAMS 0x0000000710e00000, 0x0000000710e00000| Untracked 
| 109|0x0000000711000000, 0x0000000711000000, 0x0000000711200000|  0%| F|  |TAMS 0x0000000711000000, 0x0000000711000000| Untracked 
| 110|0x0000000711200000, 0x0000000711200000, 0x0000000711400000|  0%| F|  |TAMS 0x0000000711200000, 0x0000000711200000| Untracked 
| 111|0x0000000711400000, 0x0000000711400000, 0x0000000711600000|  0%| F|  |TAMS 0x0000000711400000, 0x0000000711400000| Untracked 
| 112|0x0000000711600000, 0x0000000711600000, 0x0000000711800000|  0%| F|  |TAMS 0x0000000711600000, 0x0000000711600000| Untracked 
| 113|0x0000000711800000, 0x0000000711800000, 0x0000000711a00000|  0%| F|  |TAMS 0x0000000711800000, 0x0000000711800000| Untracked 
| 114|0x0000000711a00000, 0x0000000711a00000, 0x0000000711c00000|  0%| F|  |TAMS 0x0000000711a00000, 0x0000000711a00000| Untracked 
| 115|0x0000000711c00000, 0x0000000711d00800, 0x0000000711e00000| 50%| E|  |TAMS 0x0000000711c00000, 0x0000000711c00000| Complete 
| 116|0x0000000711e00000, 0x0000000712000000, 0x0000000712000000|100%| E|CS|TAMS 0x0000000711e00000, 0x0000000711e00000| Complete 
| 117|0x0000000712000000, 0x0000000712200000, 0x0000000712200000|100%| E|CS|TAMS 0x0000000712000000, 0x0000000712000000| Complete 
| 118|0x0000000712200000, 0x0000000712400000, 0x0000000712400000|100%| E|CS|TAMS 0x0000000712200000, 0x0000000712200000| Complete 
| 119|0x0000000712400000, 0x0000000712600000, 0x0000000712600000|100%| E|CS|TAMS 0x0000000712400000, 0x0000000712400000| Complete 
| 120|0x0000000712600000, 0x0000000712800000, 0x0000000712800000|100%| E|CS|TAMS 0x0000000712600000, 0x0000000712600000| Complete 
| 121|0x0000000712800000, 0x0000000712a00000, 0x0000000712a00000|100%| E|CS|TAMS 0x0000000712800000, 0x0000000712800000| Complete 
| 122|0x0000000712a00000, 0x0000000712c00000, 0x0000000712c00000|100%| E|CS|TAMS 0x0000000712a00000, 0x0000000712a00000| Complete 
| 123|0x0000000712c00000, 0x0000000712e00000, 0x0000000712e00000|100%| E|CS|TAMS 0x0000000712c00000, 0x0000000712c00000| Complete 
| 124|0x0000000712e00000, 0x0000000713000000, 0x0000000713000000|100%| E|CS|TAMS 0x0000000712e00000, 0x0000000712e00000| Complete 
| 125|0x0000000713000000, 0x0000000713200000, 0x0000000713200000|100%| E|CS|TAMS 0x0000000713000000, 0x0000000713000000| Complete 
| 126|0x0000000713200000, 0x0000000713400000, 0x0000000713400000|100%| E|CS|TAMS 0x0000000713200000, 0x0000000713200000| Complete 

Card table byte_map: [0x000001b2fc9f0000,0x000001b2fd1e0000] _byte_map_base: 0x000001b2f91d5000

Marking Bits (Prev, Next): (CMBitMap*) 0x000001b2f4611430, (CMBitMap*) 0x000001b2f4611470
 Prev Bits: [0x000001b28f000000, 0x000001b292f28000)
 Next Bits: [0x000001b292f30000, 0x000001b296e58000)

Polling page: 0x000001b2f24e0000

Metaspace:

Usage:
  Non-class:     13.28 MB used.
      Class:      2.23 MB used.
       Both:     15.51 MB used.

Virtual space:
  Non-class space:       64.00 MB reserved,      13.44 MB ( 21%) committed,  1 nodes.
      Class space:        1.00 GB reserved,       2.38 MB ( <1%) committed,  1 nodes.
             Both:        1.06 GB reserved,      15.81 MB (  1%) committed. 

Chunk freelists:
   Non-Class:  2.55 MB
       Class:  1.67 MB
        Both:  4.22 MB

MaxMetaspaceSize: unlimited
CompressedClassSpaceSize: 1.00 GB
Initial GC threshold: 21.00 MB
Current GC threshold: 21.00 MB
CDS: on
MetaspaceReclaimPolicy: balanced
 - commit_granule_bytes: 65536.
 - commit_granule_words: 8192.
 - virtual_space_node_default_size: 8388608.
 - enlarge_chunks_in_place: 1.
 - new_chunks_are_fully_committed: 0.
 - uncommit_free_chunks: 1.
 - use_allocation_guard: 0.


Internal statistics:

num_allocs_failed_limit: 0.
num_arena_births: 222.
num_arena_deaths: 0.
num_vsnodes_births: 2.
num_vsnodes_deaths: 0.
num_space_committed: 253.
num_space_uncommitted: 0.
num_chunks_returned_to_freelist: 0.
num_chunks_taken_from_freelist: 710.
num_chunk_merges: 0.
num_chunk_splits: 511.
num_chunks_enlarged: 414.
num_inconsistent_stats: 0.

CodeHeap 'non-profiled nmethods': size=120000Kb used=1563Kb max_used=1563Kb free=118436Kb
 bounds [0x000001b287ad0000, 0x000001b287d40000, 0x000001b28f000000]
CodeHeap 'profiled nmethods': size=120000Kb used=4914Kb max_used=4914Kb free=115085Kb
 bounds [0x000001b2805a0000, 0x000001b280a70000, 0x000001b287ad0000]
CodeHeap 'non-nmethods': size=5760Kb used=1519Kb max_used=1572Kb free=4240Kb
 bounds [0x000001b280000000, 0x000001b280270000, 0x000001b2805a0000]
 total_blobs=3482 nmethods=2690 adapters=704
 compilation: enabled
              stopped_count=0, restarted_count=0
 full_count=0

Compilation events (20 events):
Event: 9.824 Thread 0x000001b297327d50 2683       3       java.util.concurrent.CopyOnWriteArrayList::size (6 bytes)
Event: 9.824 Thread 0x000001b297327d50 nmethod 2683 0x000001b280a69490 code [0x000001b280a69620, 0x000001b280a69758]
Event: 10.099 Thread 0x000001b297327d50 2684       1       com.sun.prism.PixelFormat::isOpaque (5 bytes)
Event: 10.099 Thread 0x000001b297327d50 nmethod 2684 0x000001b287c55910 code [0x000001b287c55aa0, 0x000001b287c55b78]
Event: 10.431 Thread 0x000001b297327d50 2686       3       java.util.AbstractList::listIterator (6 bytes)
Event: 10.431 Thread 0x000001b297327d50 nmethod 2686 0x000001b280a69810 code [0x000001b280a699c0, 0x000001b280a69ba8]
Event: 10.431 Thread 0x000001b297327d50 2685       1       java.util.concurrent.CopyOnWriteArrayList::setArray (6 bytes)
Event: 10.431 Thread 0x000001b297327d50 nmethod 2685 0x000001b287c55c10 code [0x000001b287c55da0, 0x000001b287c55eb8]
Event: 10.610 Thread 0x000001b297327d50 2687       3       com.sun.javafx.tk.Toolkit$$Lambda$279/0x0000000800da8ea8::run (8 bytes)
Event: 10.610 Thread 0x000001b297327d50 nmethod 2687 0x000001b280a69c90 code [0x000001b280a69e40, 0x000001b280a6a088]
Event: 10.610 Thread 0x000001b297327d50 2688       3       com.sun.javafx.tk.Toolkit::lambda$runPulse$2 (8 bytes)
Event: 10.610 Thread 0x000001b297327d50 nmethod 2688 0x000001b280a6a190 code [0x000001b280a6a340, 0x000001b280a6a508]
Event: 10.611 Thread 0x000001b297327d50 2689       3       javafx.event.Event::fireEvent (35 bytes)
Event: 10.611 Thread 0x000001b297327d50 nmethod 2689 0x000001b280a6a610 code [0x000001b280a6a800, 0x000001b280a6ab68]
Event: 10.611 Thread 0x000001b297327d50 2690   !   3       com.sun.javafx.event.EventUtil::fireEvent (81 bytes)
Event: 10.612 Thread 0x000001b297327d50 nmethod 2690 0x000001b280a6ad10 code [0x000001b280a6b040, 0x000001b280a6c1e8]
Event: 86.255 Thread 0x000001b297312800 2691       4       com.sun.javafx.tk.quantum.QuantumToolkit::postPulse (133 bytes)
Event: 86.261 Thread 0x000001b297312800 nmethod 2691 0x000001b287c55f10 code [0x000001b287c560c0, 0x000001b287c562f8]
Event: 86.550 Thread 0x000001b297312800 2692       4       com.sun.javafx.tk.quantum.QuantumToolkit$$Lambda$98/0x0000000800c8ea00::run (8 bytes)
Event: 86.557 Thread 0x000001b297312800 nmethod 2692 0x000001b287c56610 code [0x000001b287c567c0, 0x000001b287c56ac8]

GC Heap History (6 events):
Event: 0.461 GC heap before
{Heap before GC invocations=0 (full 0):
 garbage-first heap   total 260096K, used 22528K [0x0000000703600000, 0x0000000800000000)
  region size 2048K, 11 young (22528K), 0 survivors (0K)
 Metaspace       used 4550K, committed 4800K, reserved 1114112K
  class space    used 428K, committed 576K, reserved 1048576K
}
Event: 0.463 GC heap after
{Heap after GC invocations=1 (full 0):
 garbage-first heap   total 260096K, used 2986K [0x0000000703600000, 0x0000000800000000)
  region size 2048K, 2 young (4096K), 2 survivors (4096K)
 Metaspace       used 4550K, committed 4800K, reserved 1114112K
  class space    used 428K, committed 576K, reserved 1048576K
}
Event: 0.729 GC heap before
{Heap before GC invocations=1 (full 0):
 garbage-first heap   total 260096K, used 37802K [0x0000000703600000, 0x0000000800000000)
  region size 2048K, 20 young (40960K), 2 survivors (4096K)
 Metaspace       used 8830K, committed 9088K, reserved 1114112K
  class space    used 1044K, committed 1152K, reserved 1048576K
}
Event: 0.733 GC heap after
{Heap after GC invocations=2 (full 0):
 garbage-first heap   total 260096K, used 5362K [0x0000000703600000, 0x0000000800000000)
  region size 2048K, 3 young (6144K), 3 survivors (6144K)
 Metaspace       used 8830K, committed 9088K, reserved 1114112K
  class space    used 1044K, committed 1152K, reserved 1048576K
}
Event: 2.288 GC heap before
{Heap before GC invocations=2 (full 0):
 garbage-first heap   total 260096K, used 115954K [0x0000000703600000, 0x0000000800000000)
  region size 2048K, 22 young (45056K), 3 survivors (6144K)
 Metaspace       used 13527K, committed 13760K, reserved 1114112K
  class space    used 1812K, committed 1920K, reserved 1048576K
}
Event: 2.293 GC heap after
{Heap after GC invocations=3 (full 0):
 garbage-first heap   total 260096K, used 80484K [0x0000000703600000, 0x0000000800000000)
  region size 2048K, 4 young (8192K), 4 survivors (8192K)
 Metaspace       used 13527K, committed 13760K, reserved 1114112K
  class space    used 1812K, committed 1920K, reserved 1048576K
}

Deoptimization events (20 events):
Event: 5.404 Thread 0x000001b29c648be0 DEOPT PACKING pc=0x000001b2809e8817 sp=0x00000054a6ffc8d0
Event: 5.404 Thread 0x000001b29c648be0 DEOPT UNPACKING pc=0x000001b280056763 sp=0x00000054a6ffbdc8 mode 0
Event: 5.406 Thread 0x000001b29c648be0 DEOPT PACKING pc=0x000001b2809e8817 sp=0x00000054a6ffc8d0
Event: 5.406 Thread 0x000001b29c648be0 DEOPT UNPACKING pc=0x000001b280056763 sp=0x00000054a6ffbdc8 mode 0
Event: 5.406 Thread 0x000001b29c648be0 DEOPT PACKING pc=0x000001b2809e8817 sp=0x00000054a6ffc8d0
Event: 5.406 Thread 0x000001b29c648be0 DEOPT UNPACKING pc=0x000001b280056763 sp=0x00000054a6ffbdc8 mode 0
Event: 5.407 Thread 0x000001b29c648be0 DEOPT PACKING pc=0x000001b2809e914f sp=0x00000054a6ffc8b0
Event: 5.407 Thread 0x000001b29c648be0 DEOPT UNPACKING pc=0x000001b280056763 sp=0x00000054a6ffbd40 mode 0
Event: 5.407 Thread 0x000001b29c648be0 DEOPT PACKING pc=0x000001b2809e8838 sp=0x00000054a6ffc8d0
Event: 5.407 Thread 0x000001b29c648be0 DEOPT UNPACKING pc=0x000001b280056763 sp=0x00000054a6ffbdc8 mode 0
Event: 5.409 Thread 0x000001b29c648be0 DEOPT PACKING pc=0x000001b2809e8817 sp=0x00000054a6ffc8d0
Event: 5.409 Thread 0x000001b29c648be0 DEOPT UNPACKING pc=0x000001b280056763 sp=0x00000054a6ffbdc8 mode 0
Event: 5.409 Thread 0x000001b29c648be0 DEOPT PACKING pc=0x000001b2809e8817 sp=0x00000054a6ffc8d0
Event: 5.409 Thread 0x000001b29c648be0 DEOPT UNPACKING pc=0x000001b280056763 sp=0x00000054a6ffbdc8 mode 0
Event: 5.410 Thread 0x000001b29c648be0 DEOPT PACKING pc=0x000001b2809e8817 sp=0x00000054a6ffc8d0
Event: 5.410 Thread 0x000001b29c648be0 DEOPT UNPACKING pc=0x000001b280056763 sp=0x00000054a6ffbdc8 mode 0
Event: 5.414 Thread 0x000001b29c648be0 DEOPT PACKING pc=0x000001b2809e8817 sp=0x00000054a6ffc8d0
Event: 5.414 Thread 0x000001b29c648be0 DEOPT UNPACKING pc=0x000001b280056763 sp=0x00000054a6ffbdc8 mode 0
Event: 5.414 Thread 0x000001b29c648be0 DEOPT PACKING pc=0x000001b2809e8838 sp=0x00000054a6ffc8d0
Event: 5.414 Thread 0x000001b29c648be0 DEOPT UNPACKING pc=0x000001b280056763 sp=0x00000054a6ffbdc8 mode 0

Classes loaded (20 events):
Event: 1.444 Loading class java/util/EnumMap$ValueIterator
Event: 1.444 Loading class java/util/EnumMap$EnumMapIterator
Event: 1.444 Loading class java/util/EnumMap$EnumMapIterator done
Event: 1.444 Loading class java/util/EnumMap$ValueIterator done
Event: 1.460 Loading class java/lang/FdLibm$Hypot
Event: 1.460 Loading class java/lang/FdLibm$Hypot done
Event: 1.460 Loading class java/lang/FdLibm
Event: 1.460 Loading class java/lang/FdLibm done
Event: 1.468 Loading class java/nio/ShortBuffer
Event: 1.468 Loading class java/nio/ShortBuffer done
Event: 1.468 Loading class java/nio/DoubleBuffer
Event: 1.468 Loading class java/nio/DoubleBuffer done
Event: 1.469 Loading class java/nio/DirectFloatBufferU
Event: 1.469 Loading class java/nio/DirectFloatBufferU done
Event: 2.456 Loading class java/util/Collections$SingletonList
Event: 2.456 Loading class java/util/Collections$SingletonList done
Event: 5.413 Loading class jdk/internal/misc/ScopedMemoryAccess$Scope
Event: 5.413 Loading class jdk/internal/misc/ScopedMemoryAccess$Scope done
Event: 7.558 Loading class java/io/UnsupportedEncodingException
Event: 7.558 Loading class java/io/UnsupportedEncodingException done

Classes unloaded (0 events):
No events

Classes redefined (7 events):
Event: 263.961 Thread 0x000001b2f46306b0 redefined class name=pion, count=1
Event: 371.913 Thread 0x000001b2f46306b0 redefined class name=pion, count=2
Event: 453.294 Thread 0x000001b2f46306b0 redefined class name=App$2, count=1
Event: 453.295 Thread 0x000001b2f46306b0 redefined class name=App$3, count=1
Event: 453.295 Thread 0x000001b2f46306b0 redefined class name=App$4, count=1
Event: 453.295 Thread 0x000001b2f46306b0 redefined class name=App$1, count=1
Event: 453.295 Thread 0x000001b2f46306b0 redefined class name=App, count=1

Internal exceptions (20 events):
Event: 5.389 Thread 0x000001b29c648be0 Exception <a 'java/io/FileNotFoundException'{0x0000000712177480}> (0x0000000712177480) 
thrown [s\open\src\hotspot\share\prims\jni.cpp, line 516]
Event: 5.391 Thread 0x000001b29c648be0 Exception <a 'java/io/FileNotFoundException'{0x0000000712184680}> (0x0000000712184680) 
thrown [s\open\src\hotspot\share\prims\jni.cpp, line 516]
Event: 5.392 Thread 0x000001b29c648be0 Exception <a 'java/io/FileNotFoundException'{0x0000000712191880}> (0x0000000712191880) 
thrown [s\open\src\hotspot\share\prims\jni.cpp, line 516]
Event: 5.394 Thread 0x000001b29c648be0 Exception <a 'java/io/FileNotFoundException'{0x000000071219ea80}> (0x000000071219ea80) 
thrown [s\open\src\hotspot\share\prims\jni.cpp, line 516]
Event: 5.396 Thread 0x000001b29c648be0 Exception <a 'java/io/FileNotFoundException'{0x00000007121b1838}> (0x00000007121b1838) 
thrown [s\open\src\hotspot\share\prims\jni.cpp, line 516]
Event: 5.397 Thread 0x000001b29c648be0 Exception <a 'java/io/FileNotFoundException'{0x00000007121be6a8}> (0x00000007121be6a8) 
thrown [s\open\src\hotspot\share\prims\jni.cpp, line 516]
Event: 5.401 Thread 0x000001b29c648be0 Exception <a 'java/io/FileNotFoundException'{0x00000007121d14c0}> (0x00000007121d14c0) 
thrown [s\open\src\hotspot\share\prims\jni.cpp, line 516]
Event: 5.403 Thread 0x000001b29c648be0 Exception <a 'java/io/FileNotFoundException'{0x00000007121de5a0}> (0x00000007121de5a0) 
thrown [s\open\src\hotspot\share\prims\jni.cpp, line 516]
Event: 5.405 Thread 0x000001b29c648be0 Exception <a 'java/io/FileNotFoundException'{0x00000007121f13e8}> (0x00000007121f13e8) 
thrown [s\open\src\hotspot\share\prims\jni.cpp, line 516]
Event: 5.407 Thread 0x000001b29c648be0 Exception <a 'java/io/FileNotFoundException'{0x00000007121fe128}> (0x00000007121fe128) 
thrown [s\open\src\hotspot\share\prims\jni.cpp, line 516]
Event: 5.408 Thread 0x000001b29c648be0 Exception <a 'java/io/FileNotFoundException'{0x0000000711e0c9b8}> (0x0000000711e0c9b8) 
thrown [s\open\src\hotspot\share\prims\jni.cpp, line 516]
Event: 5.410 Thread 0x000001b29c648be0 Exception <a 'java/io/FileNotFoundException'{0x0000000711e196f8}> (0x0000000711e196f8) 
thrown [s\open\src\hotspot\share\prims\jni.cpp, line 516]
Event: 5.413 Thread 0x000001b29c648be0 Exception <a 'java/io/FileNotFoundException'{0x0000000711e2cdc8}> (0x0000000711e2cdc8) 
thrown [s\open\src\hotspot\share\prims\jni.cpp, line 516]
Event: 5.415 Thread 0x000001b29c648be0 Exception <a 'java/io/FileNotFoundException'{0x0000000711e39b88}> (0x0000000711e39b88) 
thrown [s\open\src\hotspot\share\prims\jni.cpp, line 516]
Event: 5.417 Thread 0x000001b29c648be0 Exception <a 'java/io/FileNotFoundException'{0x0000000711e46f78}> (0x0000000711e46f78) 
thrown [s\open\src\hotspot\share\prims\jni.cpp, line 516]
Event: 5.418 Thread 0x000001b29c648be0 Exception <a 'java/io/FileNotFoundException'{0x0000000711e53cb8}> (0x0000000711e53cb8) 
thrown [s\open\src\hotspot\share\prims\jni.cpp, line 516]
Event: 5.419 Thread 0x000001b29c648be0 Exception <a 'java/io/FileNotFoundException'{0x0000000711e66a98}> (0x0000000711e66a98) 
thrown [s\open\src\hotspot\share\prims\jni.cpp, line 516]
Event: 5.420 Thread 0x000001b29c648be0 Exception <a 'java/io/FileNotFoundException'{0x0000000711e737b8}> (0x0000000711e737b8) 
thrown [s\open\src\hotspot\share\prims\jni.cpp, line 516]
Event: 5.421 Thread 0x000001b29c648be0 Exception <a 'java/io/FileNotFoundException'{0x0000000711e81008}> (0x0000000711e81008) 
thrown [s\open\src\hotspot\share\prims\jni.cpp, line 516]
Event: 5.422 Thread 0x000001b29c648be0 Exception <a 'java/io/FileNotFoundException'{0x0000000711e8dd28}> (0x0000000711e8dd28) 
thrown [s\open\src\hotspot\share\prims\jni.cpp, line 516]

VM Operations (20 events):
Event: 372.262 Executing VM operation: get/set locals
Event: 372.262 Executing VM operation: get/set locals done
Event: 372.262 Executing VM operation: get/set locals
Event: 372.263 Executing VM operation: get/set locals done
Event: 372.263 Executing VM operation: get/set locals
Event: 372.263 Executing VM operation: get/set locals done
Event: 372.264 Executing VM operation: get/set locals
Event: 372.264 Executing VM operation: get/set locals done
Event: 372.265 Executing VM operation: get/set locals
Event: 372.265 Executing VM operation: get/set locals done
Event: 372.265 Executing VM operation: get/set locals
Event: 372.265 Executing VM operation: get/set locals done
Event: 372.266 Executing VM operation: get/set locals
Event: 372.266 Executing VM operation: get/set locals done
Event: 453.261 Executing VM operation: ChangeSingleStep
Event: 453.261 Executing VM operation: ChangeSingleStep done
Event: 453.261 Executing VM operation: ChangeSingleStep
Event: 453.261 Executing VM operation: ChangeSingleStep done
Event: 453.288 Executing VM operation: RedefineClasses
Event: 453.308 Executing VM operation: RedefineClasses done

Events (20 events):
Event: 0.408 Loaded shared library D:\javafx-sdk-19.0.2.1\bin\msvcp140.dll
Event: 0.408 Loaded shared library D:\javafx-sdk-19.0.2.1\bin\msvcp140_1.dll
Event: 0.409 Loaded shared library D:\javafx-sdk-19.0.2.1\bin\msvcp140_2.dll
Event: 0.438 Thread 0x000001b29bad32c0 Thread added: 0x000001b29bad32c0
Event: 0.443 Loaded shared library D:\javafx-sdk-19.0.2.1\bin\prism_d3d.dll
Event: 0.472 Loaded shared library D:\javafx-sdk-19.0.2.1\bin\glass.dll
Event: 0.473 Thread 0x000001b29c648720 Thread added: 0x000001b29c648720
Event: 0.476 Thread 0x000001b29c648be0 Thread added: 0x000001b29c648be0
Event: 0.543 Thread 0x000001b29c855d60 Thread added: 0x000001b29c855d60
Event: 0.546 Thread 0x000001b29c79ec50 Thread added: 0x000001b29c79ec50
Event: 0.639 Loaded shared library D:\javafx-sdk-19.0.2.1\bin\javafx_font.dll
Event: 0.898 Loaded shared library D:\javafx-sdk-19.0.2.1\bin\javafx_iio.dll
Event: 1.205 Thread 0x000001b297326e20 Thread exited: 0x000001b297326e20
Event: 1.211 Thread 0x000001b29bcf92c0 Thread added: 0x000001b29bcf92c0
Event: 1.425 Thread 0x000001b29bcf9790 Thread added: 0x000001b29bcf9790
Event: 1.994 Thread 0x000001b297326400 Thread exited: 0x000001b297326400
Event: 2.466 Thread 0x000001b2973254d0 Thread added: 0x000001b2973254d0
Event: 2.770 Thread 0x000001b2973254d0 Thread exited: 0x000001b2973254d0
Event: 5.388 Thread 0x000001b297325ef0 Thread added: 0x000001b297325ef0
Event: 6.043 Thread 0x000001b297325ef0 Thread exited: 0x000001b297325ef0


Dynamic libraries:
0x00007ff6e6740000 - 0x00007ff6e674e000 	C:\Program Files\OpenJDK\jdk-18.0.2\bin\javaw.exe
0x00007ffb7dcb0000 - 0x00007ffb7dec4000 	C:\WINDOWS\SYSTEM32\ntdll.dll
0x00007ffb7baa0000 - 0x00007ffb7bb63000 	C:\WINDOWS\System32\KERNEL32.DLL
0x00007ffb7b320000 - 0x00007ffb7b6bd000 	C:\WINDOWS\System32\KERNELBASE.dll
0x00007ffb7b0d0000 - 0x00007ffb7b1e1000 	C:\WINDOWS\System32\ucrtbase.dll
0x00007ffb6da60000 - 0x00007ffb6da7a000 	C:\Program Files\OpenJDK\jdk-18.0.2\bin\VCRUNTIME140.dll
0x00007ffb6cbc0000 - 0x00007ffb6cbd7000 	C:\Program Files\OpenJDK\jdk-18.0.2\bin\jli.dll
0x00007ffb7d2b0000 - 0x00007ffb7d45d000 	C:\WINDOWS\System32\USER32.dll
0x00007ffb7b9f0000 - 0x00007ffb7ba16000 	C:\WINDOWS\System32\win32u.dll
0x00007ffb5b1c0000 - 0x00007ffb5b44e000 	C:\WINDOWS\WinSxS\amd64_microsoft.windows.common-controls_6595b64144ccf1df_6.0.22621.608_none_a9444ca7c10bb01d\COMCTL32.dll
0x00007ffb7cc30000 - 0x00007ffb7cc59000 	C:\WINDOWS\System32\GDI32.dll
0x00007ffb7d800000 - 0x00007ffb7d8a7000 	C:\WINDOWS\System32\msvcrt.dll
0x00007ffb7b8d0000 - 0x00007ffb7b9e2000 	C:\WINDOWS\System32\gdi32full.dll
0x00007ffb7b830000 - 0x00007ffb7b8ca000 	C:\WINDOWS\System32\msvcp_win.dll
0x00007ffb7cd60000 - 0x00007ffb7cd92000 	C:\WINDOWS\System32\IMM32.DLL
0x00007ffb77f80000 - 0x00007ffb77f8c000 	C:\Program Files\OpenJDK\jdk-18.0.2\bin\vcruntime140_1.dll
0x00007ffb57960000 - 0x00007ffb579ed000 	C:\Program Files\OpenJDK\jdk-18.0.2\bin\msvcp140.dll
0x00007ffabb270000 - 0x00007ffabbe81000 	C:\Program Files\OpenJDK\jdk-18.0.2\bin\server\jvm.dll
0x00007ffb7d930000 - 0x00007ffb7d9de000 	C:\WINDOWS\System32\ADVAPI32.dll
0x00007ffb7d460000 - 0x00007ffb7d504000 	C:\WINDOWS\System32\sechost.dll
0x00007ffb7bfa0000 - 0x00007ffb7c0b5000 	C:\WINDOWS\System32\RPCRT4.dll
0x00007ffb7d510000 - 0x00007ffb7d518000 	C:\WINDOWS\System32\PSAPI.DLL
0x00007ffb73710000 - 0x00007ffb73744000 	C:\WINDOWS\SYSTEM32\WINMM.dll
0x00007ffb5e2d0000 - 0x00007ffb5e2d9000 	C:\WINDOWS\SYSTEM32\WSOCK32.dll
0x00007ffb6fac0000 - 0x00007ffb6faca000 	C:\WINDOWS\SYSTEM32\VERSION.dll
0x00007ffb7d9e0000 - 0x00007ffb7da51000 	C:\WINDOWS\System32\WS2_32.dll
0x00007ffb7a210000 - 0x00007ffb7a228000 	C:\WINDOWS\SYSTEM32\kernel.appcore.dll
0x00007ffb77fc0000 - 0x00007ffb77fca000 	C:\Program Files\OpenJDK\jdk-18.0.2\bin\jimage.dll
0x00007ffb78690000 - 0x00007ffb788be000 	C:\WINDOWS\SYSTEM32\DBGHELP.DLL
0x00007ffb7bc10000 - 0x00007ffb7bf9a000 	C:\WINDOWS\System32\combase.dll
0x00007ffb7c360000 - 0x00007ffb7c437000 	C:\WINDOWS\System32\OLEAUT32.dll
0x00007ffb5e2f0000 - 0x00007ffb5e322000 	C:\WINDOWS\SYSTEM32\dbgcore.DLL
0x00007ffb7ba20000 - 0x00007ffb7ba9b000 	C:\WINDOWS\System32\bcryptPrimitives.dll
0x00007ffb57920000 - 0x00007ffb5795b000 	C:\Program Files\OpenJDK\jdk-18.0.2\bin\jdwp.dll
0x00007ffb6dd40000 - 0x00007ffb6dd4e000 	C:\Program Files\OpenJDK\jdk-18.0.2\bin\instrument.dll
0x00007ffb61650000 - 0x00007ffb61675000 	C:\Program Files\OpenJDK\jdk-18.0.2\bin\java.dll
0x00007ffb50fd0000 - 0x00007ffb510a6000 	C:\Program Files\OpenJDK\jdk-18.0.2\bin\jsvml.dll
0x00007ffb7c440000 - 0x00007ffb7cc2f000 	C:\WINDOWS\System32\SHELL32.dll
0x00007ffb790a0000 - 0x00007ffb79968000 	C:\WINDOWS\SYSTEM32\windows.storage.dll
0x00007ffb78f60000 - 0x00007ffb7909e000 	C:\WINDOWS\SYSTEM32\wintypes.dll
0x00007ffb7c260000 - 0x00007ffb7c351000 	C:\WINDOWS\System32\SHCORE.dll
0x00007ffb7cc60000 - 0x00007ffb7ccbe000 	C:\WINDOWS\System32\shlwapi.dll
0x00007ffb7b000000 - 0x00007ffb7b021000 	C:\WINDOWS\SYSTEM32\profapi.dll
0x00007ffb65410000 - 0x00007ffb65423000 	C:\Program Files\OpenJDK\jdk-18.0.2\bin\net.dll
0x00007ffb75eb0000 - 0x00007ffb75fdf000 	C:\WINDOWS\SYSTEM32\WINHTTP.dll
0x00007ffb7a680000 - 0x00007ffb7a6e9000 	C:\WINDOWS\system32\mswsock.dll
0x00007ffb630c0000 - 0x00007ffb630d6000 	C:\Program Files\OpenJDK\jdk-18.0.2\bin\nio.dll
0x00007ffb62880000 - 0x00007ffb62898000 	C:\Program Files\OpenJDK\jdk-18.0.2\bin\zip.dll
0x00007ffb6cbb0000 - 0x00007ffb6cbbc000 	C:\Program Files\OpenJDK\jdk-18.0.2\bin\dt_socket.dll
0x00007ffb79c40000 - 0x00007ffb79c6d000 	C:\WINDOWS\SYSTEM32\IPHLPAPI.DLL
0x00007ffb79cb0000 - 0x00007ffb79da2000 	C:\WINDOWS\SYSTEM32\DNSAPI.dll
0x00007ffb7cd50000 - 0x00007ffb7cd59000 	C:\WINDOWS\System32\NSI.dll
0x00007ffb71f80000 - 0x00007ffb71f8a000 	C:\Windows\System32\rasadhlp.dll
0x00007ffb732c0000 - 0x00007ffb73343000 	C:\WINDOWS\System32\fwpuclnt.dll
0x00007ffb76220000 - 0x00007ffb76230000 	C:\Program Files\OpenJDK\jdk-18.0.2\bin\verify.dll
0x000001b2973a0000 - 0x000001b2973a3000 	D:\javafx-sdk-19.0.2.1\bin\api-ms-win-core-console-l1-1-0.dll
0x000001b2973b0000 - 0x000001b2973b3000 	D:\javafx-sdk-19.0.2.1\bin\api-ms-win-core-console-l1-2-0.dll
0x000001b2973c0000 - 0x000001b2973c3000 	D:\javafx-sdk-19.0.2.1\bin\api-ms-win-core-datetime-l1-1-0.dll
0x000001b2973d0000 - 0x000001b2973d3000 	D:\javafx-sdk-19.0.2.1\bin\api-ms-win-core-debug-l1-1-0.dll
0x000001b2973e0000 - 0x000001b2973e3000 	D:\javafx-sdk-19.0.2.1\bin\api-ms-win-core-errorhandling-l1-1-0.dll
0x000001b2973f0000 - 0x000001b2973f4000 	D:\javafx-sdk-19.0.2.1\bin\api-ms-win-core-file-l1-1-0.dll
0x000001b29d440000 - 0x000001b29d443000 	D:\javafx-sdk-19.0.2.1\bin\api-ms-win-core-file-l1-2-0.dll
0x000001b29d450000 - 0x000001b29d453000 	D:\javafx-sdk-19.0.2.1\bin\api-ms-win-core-file-l2-1-0.dll
0x000001b29d460000 - 0x000001b29d463000 	D:\javafx-sdk-19.0.2.1\bin\api-ms-win-core-handle-l1-1-0.dll
0x000001b29d470000 - 0x000001b29d473000 	D:\javafx-sdk-19.0.2.1\bin\api-ms-win-core-heap-l1-1-0.dll
0x000001b29d480000 - 0x000001b29d483000 	D:\javafx-sdk-19.0.2.1\bin\api-ms-win-core-interlocked-l1-1-0.dll
0x000001b29d490000 - 0x000001b29d493000 	D:\javafx-sdk-19.0.2.1\bin\api-ms-win-core-libraryloader-l1-1-0.dll
0x000001b29d4a0000 - 0x000001b29d4a3000 	D:\javafx-sdk-19.0.2.1\bin\api-ms-win-core-localization-l1-2-0.dll
0x000001b29d4b0000 - 0x000001b29d4b3000 	D:\javafx-sdk-19.0.2.1\bin\api-ms-win-core-memory-l1-1-0.dll
0x000001b29d4c0000 - 0x000001b29d4c3000 	D:\javafx-sdk-19.0.2.1\bin\api-ms-win-core-namedpipe-l1-1-0.dll
0x000001b29d4d0000 - 0x000001b29d4d3000 	D:\javafx-sdk-19.0.2.1\bin\api-ms-win-core-processenvironment-l1-1-0.dll
0x000001b29d4e0000 - 0x000001b29d4e3000 	D:\javafx-sdk-19.0.2.1\bin\api-ms-win-core-processthreads-l1-1-0.dll
0x000001b29d4f0000 - 0x000001b29d4f3000 	D:\javafx-sdk-19.0.2.1\bin\api-ms-win-core-processthreads-l1-1-1.dll
0x000001b29d500000 - 0x000001b29d503000 	D:\javafx-sdk-19.0.2.1\bin\api-ms-win-core-profile-l1-1-0.dll
0x000001b29d510000 - 0x000001b29d513000 	D:\javafx-sdk-19.0.2.1\bin\api-ms-win-core-rtlsupport-l1-1-0.dll
0x000001b29d520000 - 0x000001b29d523000 	D:\javafx-sdk-19.0.2.1\bin\api-ms-win-core-string-l1-1-0.dll
0x000001b29d530000 - 0x000001b29d533000 	D:\javafx-sdk-19.0.2.1\bin\api-ms-win-core-synch-l1-1-0.dll
0x000001b29d540000 - 0x000001b29d543000 	D:\javafx-sdk-19.0.2.1\bin\api-ms-win-core-synch-l1-2-0.dll
0x000001b29d550000 - 0x000001b29d553000 	D:\javafx-sdk-19.0.2.1\bin\api-ms-win-core-sysinfo-l1-1-0.dll
0x000001b29d560000 - 0x000001b29d563000 	D:\javafx-sdk-19.0.2.1\bin\api-ms-win-core-timezone-l1-1-0.dll
0x000001b29d570000 - 0x000001b29d573000 	D:\javafx-sdk-19.0.2.1\bin\api-ms-win-core-util-l1-1-0.dll
0x000001b29d580000 - 0x000001b29d583000 	D:\javafx-sdk-19.0.2.1\bin\api-ms-win-crt-conio-l1-1-0.dll
0x000001b29d590000 - 0x000001b29d594000 	D:\javafx-sdk-19.0.2.1\bin\api-ms-win-crt-convert-l1-1-0.dll
0x000001b29d5a0000 - 0x000001b29d5a3000 	D:\javafx-sdk-19.0.2.1\bin\api-ms-win-crt-environment-l1-1-0.dll
0x000001b29d5b0000 - 0x000001b29d5b3000 	D:\javafx-sdk-19.0.2.1\bin\api-ms-win-crt-filesystem-l1-1-0.dll
0x000001b29d5c0000 - 0x000001b29d5c3000 	D:\javafx-sdk-19.0.2.1\bin\api-ms-win-crt-heap-l1-1-0.dll
0x000001b29d5d0000 - 0x000001b29d5d3000 	D:\javafx-sdk-19.0.2.1\bin\api-ms-win-crt-locale-l1-1-0.dll
0x000001b29d5e0000 - 0x000001b29d5e5000 	D:\javafx-sdk-19.0.2.1\bin\api-ms-win-crt-math-l1-1-0.dll
0x000001b29d5f0000 - 0x000001b29d5f5000 	D:\javafx-sdk-19.0.2.1\bin\api-ms-win-crt-multibyte-l1-1-0.dll
0x000001b29d600000 - 0x000001b29d610000 	D:\javafx-sdk-19.0.2.1\bin\api-ms-win-crt-private-l1-1-0.dll
0x000001b29d610000 - 0x000001b29d613000 	D:\javafx-sdk-19.0.2.1\bin\api-ms-win-crt-process-l1-1-0.dll
0x000001b29d620000 - 0x000001b29d624000 	D:\javafx-sdk-19.0.2.1\bin\api-ms-win-crt-runtime-l1-1-0.dll
0x000001b29d630000 - 0x000001b29d634000 	D:\javafx-sdk-19.0.2.1\bin\api-ms-win-crt-stdio-l1-1-0.dll
0x000001b29d640000 - 0x000001b29d644000 	D:\javafx-sdk-19.0.2.1\bin\api-ms-win-crt-string-l1-1-0.dll
0x000001b29d650000 - 0x000001b29d653000 	D:\javafx-sdk-19.0.2.1\bin\api-ms-win-crt-time-l1-1-0.dll
0x000001b29d660000 - 0x000001b29d663000 	D:\javafx-sdk-19.0.2.1\bin\api-ms-win-crt-utility-l1-1-0.dll
0x00007ffb577e0000 - 0x00007ffb578dc000 	D:\javafx-sdk-19.0.2.1\bin\ucrtbase.dll
0x00007ffb65430000 - 0x00007ffb6544b000 	D:\javafx-sdk-19.0.2.1\bin\vcruntime140.dll
0x00007ffb65380000 - 0x00007ffb6538c000 	D:\javafx-sdk-19.0.2.1\bin\vcruntime140_1.dll
0x00007ffb57750000 - 0x00007ffb577de000 	D:\javafx-sdk-19.0.2.1\bin\msvcp140.dll
0x00007ffb63e00000 - 0x00007ffb63e09000 	D:\javafx-sdk-19.0.2.1\bin\msvcp140_1.dll
0x00007ffb57720000 - 0x00007ffb57750000 	D:\javafx-sdk-19.0.2.1\bin\msvcp140_2.dll
0x00007ffb576f0000 - 0x00007ffb5771c000 	D:\javafx-sdk-19.0.2.1\bin\prism_d3d.dll
0x00007ffaede50000 - 0x00007ffaedff9000 	C:\WINDOWS\system32\d3d9.dll
0x00007ffb788c0000 - 0x00007ffb788eb000 	C:\WINDOWS\SYSTEM32\dwmapi.dll
0x00007ffb78490000 - 0x00007ffb784c6000 	C:\WINDOWS\SYSTEM32\dxcore.dll
0x00007ffb78390000 - 0x00007ffb7843b000 	C:\WINDOWS\system32\uxtheme.dll
0x00007ffae36b0000 - 0x00007ffae3815000 	C:\Windows\System32\DriverStore\FileRepository\iigd_dch.inf_amd64_556bf05bd4afaaf1\igdumdim64.dll
0x00007ffb7c0c0000 - 0x00007ffb7c25c000 	C:\WINDOWS\System32\ole32.dll
0x00007ffadfad0000 - 0x00007ffae36aa000 	C:\Windows\System32\DriverStore\FileRepository\iigd_dch.inf_amd64_556bf05bd4afaaf1\igd9dxva64.dll
0x00007ffb7ce30000 - 0x00007ffb7d2aa000 	C:\WINDOWS\System32\SETUPAPI.dll
0x00007ffb7adc0000 - 0x00007ffb7ae0e000 	C:\WINDOWS\SYSTEM32\cfgmgr32.dll
0x00007ffb6feb0000 - 0x00007ffb70271000 	C:\Windows\System32\DriverStore\FileRepository\iigd_dch.inf_amd64_556bf05bd4afaaf1\igdgmm64.dll
0x00007ffb75290000 - 0x00007ffb752d9000 	C:\WINDOWS\SYSTEM32\directxdatabasehelper.dll
0x00007ffb576a0000 - 0x00007ffb576e2000 	D:\javafx-sdk-19.0.2.1\bin\glass.dll
0x00007ffb7db70000 - 0x00007ffb7dc67000 	C:\WINDOWS\System32\COMDLG32.dll
0x00007ffb7d6e0000 - 0x00007ffb7d7fe000 	C:\WINDOWS\System32\MSCTF.dll
0x00007ffb13e40000 - 0x00007ffb13e67000 	C:\Windows\System32\DriverStore\FileRepository\iigd_dch.inf_amd64_556bf05bd4afaaf1\igdinfo64.dll
0x00007ffb7a8d0000 - 0x00007ffb7a8eb000 	C:\WINDOWS\SYSTEM32\CRYPTSP.dll
0x00007ffb7a180000 - 0x00007ffb7a1b5000 	C:\WINDOWS\system32\rsaenh.dll
0x00007ffb7a8f0000 - 0x00007ffb7a8fc000 	C:\WINDOWS\SYSTEM32\CRYPTBASE.dll
0x00007ffb7aa70000 - 0x00007ffb7aa98000 	C:\WINDOWS\SYSTEM32\bcrypt.dll
0x00007ffb68ea0000 - 0x00007ffb6c100000 	C:\Windows\System32\DriverStore\FileRepository\iigd_dch.inf_amd64_556bf05bd4afaaf1\igc64.dll
0x00007ffb57bb0000 - 0x00007ffb57bc4000 	D:\javafx-sdk-19.0.2.1\bin\javafx_font.dll
0x00007ffb76a90000 - 0x00007ffb76cf7000 	C:\WINDOWS\SYSTEM32\dwrite.dll
0x00007ffb7dab0000 - 0x00007ffb7db67000 	C:\WINDOWS\System32\clbcatq.dll
0x00007ffb768e0000 - 0x00007ffb76a90000 	C:\WINDOWS\SYSTEM32\WindowsCodecs.dll
0x00007ffb383e0000 - 0x00007ffb3843e000 	C:\WINDOWS\system32\dataexchange.dll

dbghelp: loaded successfully - version: 4.0.5 - missing functions: none
symbol engine: initialized successfully - sym options: 0x614 - pdb path: .;C:\Program Files\OpenJDK\jdk-18.0.2\bin;C:\WINDOWS\SYSTEM32;C:\WINDOWS\WinSxS\amd64_microsoft.windows.common-controls_6595b64144ccf1df_6.0.22621.608_none_a9444ca7c10bb01d;C:\Program Files\OpenJDK\jdk-18.0.2\bin\server;D:\javafx-sdk-19.0.2.1\bin;C:\Windows\System32\DriverStore\FileRepository\iigd_dch.inf_amd64_556bf05bd4afaaf1;C:\Program Files\Common Files\Microsoft Shared\Ink

VM Arguments:
jvm_args: -XX:+ShowCodeDetailsInExceptionMessages -agentlib:jdwp=transport=dt_socket,suspend=y,address=localhost:32069 --module-path=D:\javafx-sdk-19.0.2.1\lib --add-modules=javafx.controls,javafx.fxml -javaagent:C:\Users\jeanm\eclipse\java-2022-12\eclipse\configuration\org.eclipse.osgi\227\0\.cp\lib\javaagent-shaded.jar -Dfile.encoding=UTF-8 --module-path=D:\javafx-sdk-19.0.2.1\lib\javafx.base.jar;D:\javafx-sdk-19.0.2.1\lib\javafx.controls.jar;D:\javafx-sdk-19.0.2.1\lib\javafx.fxml.jar;D:\javafx-sdk-19.0.2.1\lib\javafx.graphics.jar;D:\javafx-sdk-19.0.2.1\lib\javafx.media.jar;D:\javafx-sdk-19.0.2.1\lib\javafx.swing.jar;D:\javafx-sdk-19.0.2.1\lib\javafx.web.jar;D:\javafx-sdk-19.0.2.1\lib\javafx-swt.jar 
java_command: App
java_class_path (initial): C:\Users\jeanm\IHMChess\bin
Launcher Type: SUN_STANDARD

[Global flags]
     intx CICompilerCount                          = 4                                         {product} {ergonomic}
     uint ConcGCThreads                            = 2                                         {product} {ergonomic}
     uint G1ConcRefinementThreads                  = 8                                         {product} {ergonomic}
   size_t G1HeapRegionSize                         = 2097152                                   {product} {ergonomic}
    uintx GCDrainStackTargetSize                   = 64                                        {product} {ergonomic}
   size_t InitialHeapSize                          = 266338304                                 {product} {ergonomic}
   size_t MarkStackSize                            = 4194304                                   {product} {ergonomic}
   size_t MaxHeapSize                              = 4238344192                                {product} {ergonomic}
   size_t MaxNewSize                               = 2541748224                                {product} {ergonomic}
   size_t MinHeapDeltaBytes                        = 2097152                                   {product} {ergonomic}
   size_t MinHeapSize                              = 8388608                                   {product} {ergonomic}
    uintx NonNMethodCodeHeapSize                   = 5839372                                {pd product} {ergonomic}
    uintx NonProfiledCodeHeapSize                  = 122909434                              {pd product} {ergonomic}
    uintx ProfiledCodeHeapSize                     = 122909434                              {pd product} {ergonomic}
    uintx ReservedCodeCacheSize                    = 251658240                              {pd product} {ergonomic}
     bool SegmentedCodeCache                       = true                                      {product} {ergonomic}
     bool ShowCodeDetailsInExceptionMessages       = true                                   {manageable} {command line}
   size_t SoftMaxHeapSize                          = 4238344192                             {manageable} {ergonomic}
     bool UseCompressedClassPointers               = true                           {product lp64_product} {ergonomic}
     bool UseCompressedOops                        = true                           {product lp64_product} {ergonomic}
     bool UseG1GC                                  = true                                      {product} {ergonomic}
     bool UseLargePagesIndividualAllocation        = false                                  {pd product} {ergonomic}

Logging:
Log output configuration:
 #0: stdout all=warning uptime,level,tags foldmultilines=false
 #1: stderr all=off uptime,level,tags foldmultilines=false

Environment Variables:
JAVA_HOME=C:\Program Files\OpenJDK\jdk-18.0.2
PATH=C:/Program Files/OpenJDK/jdk-18.0.2/bin/server;C:/Program Files/OpenJDK/jdk-18.0.2/bin;C:\Program Files\Eclipse Adoptium\jdk-17.0.5.8-hotspot\bin;C:\Program Files (x86)\Common Files\Oracle\Java\javapath;C:\windows\system32;C:\ProgramData\chocolatey\bin;C:\ProgramData\chocolatey\lib\maven\apache-maven-3.8.6\bin;C:\Program Files\OpenJDK\jdk-18.0.2\bin;C:\Program Files\Git\cmd;C:\WINDOWS\system32;C:\WINDOWS;C:\WINDOWS\System32\Wbem;C:\WINDOWS\System32\WindowsPowerShell\v1.0\;C:\WINDOWS\System32\OpenSSH\;C:\Program Files\nodejs\;C:\wamp64\bin\php\php7.4.26;C:\ProgramData\ComposerSetup\bin;C:\Users\jeanm\AppData\Local\Programs\Python\Python39\Scripts\;C:\Users\jeanm\AppData\Local\Programs\Python\Python39\;C:\Users\jeanm\AppData\Local\Microsoft\WindowsApps;C:\Users\jeanm\AppData\Local\Programs\Microsoft VS Code\bin;C:\Users\jeanm\.dotnet\tools;C:\Users\jeanm\AppData\Local\GitHubDesktop\bin;C:\Program Files (x86)\Nmap;C:\Users\jeanm\AppData\Roaming\npm;C:\MinGW\bin;C:\Users\jeanm\AppData\Roaming\Composer\vendor\bin;C:\WINDOWS\system32;
USERNAME=jeanm
OS=Windows_NT
PROCESSOR_IDENTIFIER=Intel64 Family 6 Model 140 Stepping 1, GenuineIntel



---------------  S Y S T E M  ---------------

OS:
 Windows 11 , 64 bit Build 22621 (10.0.22621.1105)
OS uptime: 4 days 14:41 hours
Hyper-V role detected

CPU: total 8 (initial active 8) (4 cores per cpu, 2 threads per core) family 6 model 140 stepping 1 microcode 0x8a, cx8, cmov, fxsr, ht, mmx, 3dnowpref, sse, sse2, sse3, ssse3, sse4.1, sse4.2, popcnt, lzcnt, tsc, tscinvbit, avx, avx2, aes, erms, clmul, bmi1, bmi2, adx, avx512f, avx512dq, avx512cd, avx512bw, avx512vl, sha, fma, vzeroupper, avx512_vpopcntdq, avx512_vpclmulqdq, avx512_vaes, avx512_vnni, clflush, clflushopt, clwb, avx512_vbmi2, avx512_vbmi, hv

Memory: 4k page, system-wide physical 16167M (3694M free)
TotalPageFile size 26407M (AvailPageFile size 7053M)
current process WorkingSet (physical memory assigned to process): 648M, peak: 724M
current process commit charge ("private bytes"): 777M, peak: 851M

vm_info: OpenJDK 64-Bit Server VM (18.0.2+9-61) for windows-amd64 JRE (18.0.2+9-61), built on Jun  7 2022 13:05:59 by "mach5one" with MS VC++ 16.8 / 16.9 (VS2019)

END.
